
==================================================
[2026. 4. 17. 오후 7:37:24] 크롤링 시작 (1개 키워드)
==================================================
기존 DB: 103개

  🔍 "창원시 힙성동 맛집" (리뷰분석)
     페이지 1: 0개 (누적 0개)
     (마지막 페이지)
     0개 업체 수집
     📷 이미지 처리 중...
     📷 0/0개 이미지 저장
     ✓ 완료 (누적 0개)

중복 제거: 0 → 0개

✅ 신규 업체 없음 (변동 없음)
📊 DB 총: 103개


==================================================
[2026. 4. 17. 오후 10:43:59] 크롤링 시작 (1개 키워드)
==================================================
기존 DB: 211개

  🔍 "창원시 힙성동 맛집" (리뷰분석)
     페이지 1: 0개 (누적 0개)
     (마지막 페이지)
     0개 업체 수집
     📷 이미지 처리 중...
     📷 0/0개 이미지 저장
     ✓ 완료 (누적 0개)

중복 제거: 0 → 0개

✅ 신규 업체 없음 (변동 없음)
📊 DB 총: 211개


==================================================
[2026. 4. 17. 오후 10:44:24] 크롤링 시작 (1개 키워드)
==================================================
기존 DB: 211개

  🔍 "창원시 힙성동 맛집" (리뷰분석)
     페이지 1: 0개 (누적 0개)
     (마지막 페이지)
     0개 업체 수집
     📷 이미지 처리 중...
     📷 0/0개 이미지 저장
     ✓ 완료 (누적 0개)

중복 제거: 0 → 0개

✅ 신규 업체 없음 (변동 없음)
📊 DB 총: 211개

