
==================================================
[2026. 4. 17. 오후 9:50:16] 크롤링 시작 (1개 키워드)
==================================================
기존 DB: 157개

  🔍 "창원시 북면 맛집" (리뷰분석)
     페이지 1: 56개 (누적 56개)
     페이지 2: 0개 (누적 56개)
     (새 결과 없음 — 종료)
     56개 업체 수집
     [1/56] 산수정 리뷰 분석...
     [2/56] NATUREL45 리뷰 분석...
     [3/56] 주문진메밀막국수 리뷰 분석...
     [4/56] 플레이팅 리뷰 분석...
     [5/56] 더하다 북면점 리뷰 분석...
     [6/56] 대나무집 리뷰 분석...
     [7/56] 천돈 리뷰 분석...
     [8/56] 롯데리아 감계점 리뷰 분석...
     [9/56] 전통순대촌 리뷰 분석...
     [10/56] 소나무집 북면점 리뷰 분석...
     [11/56] 메가MGC커피 창원무동점 리뷰 분석...
     [12/56] 민가향 리뷰 분석...
     [13/56] 아뜰리에 베이커리 리뷰 분석...
     [14/56] 로르토 리뷰 분석...
     [15/56] 대고구려돼지국밥 본점 리뷰 분석...
     [16/56] 시심마 리뷰 분석...
     [17/56] 옛날집 리뷰 분석...
     [18/56] 북면자연농원 리뷰 분석...
     [19/56] 삼동소바 창원북면점 리뷰 분석...
     [20/56] 빈스콩 리뷰 분석...
     [21/56] 남양토담오리 리뷰 분석...
     [22/56] 동해짬뽕 창원본점 리뷰 분석...
     [23/56] 진가네촌국수 리뷰 분석...
     [24/56] 베리앙 리뷰 분석...
     [25/56] 북면마산설렁탕 리뷰 분석...
     [26/56] 맷돌순두부 리뷰 분석...
     [27/56] 무쇠정 리뷰 분석...
     [28/56] 감계 머구리 리뷰 분석...
     [29/56] 황금코다리 창원북면점 리뷰 분석...
     [30/56] 대패생각 북면점 리뷰 분석...
     [31/56] 파리바게뜨 마금산온천점 리뷰 분석...
     [32/56] 춘천막국수닭보쌈 북면본점 리뷰 분석...
     [33/56] 복면닭갈비 리뷰 분석...
     [34/56] 셰입오브워터 리뷰 분석...
     [35/56] 향우본가 창원북면본점 리뷰 분석...
     [36/56] 싱가 리뷰 분석...
     [37/56] 산미 본점 리뷰 분석...
     [38/56] 바보형제쭈꾸미 북면점 리뷰 분석...
     [39/56] 홍콩반점0410 창원감계점 리뷰 분석...
     [40/56] 풍각칼국수 리뷰 분석...
     [41/56] 포아이니 북면점 리뷰 분석...
     [42/56] 솔트브레드랩 리뷰 분석...
     [43/56] 가배목림 리뷰 분석...
     [44/56] 수암골 쪽갈비마을 창원북면점 리뷰 분석...
     [45/56] 커피가 있는 아침 리뷰 분석...
     [46/56] 도야짬뽕 창원감계점 리뷰 분석...
     [47/56] 오늘내일모레 리뷰 분석...
     [48/56] 가야밀면 창원북면점 리뷰 분석...
     [49/56] 최가합천돼지국밥 리뷰 분석...
     [50/56] 등촌샤브칼국수 창원북면점 리뷰 분석...
     [51/56] 본가갈비살 창원무동점 리뷰 분석...
     [52/56] 표길순삼대갈비 소답점 리뷰 분석...
     [53/56] 남문불백 리뷰 분석...
     [54/56] 락콩돈까스 리뷰 분석...
     [55/56] 바른케이터링 리뷰 분석...
     [56/56] 비엣남 소답점 리뷰 분석...
     📷 이미지 처리 중...
     📷 49/56개 이미지 저장
     ✓ 완료 (누적 56개)

중복 제거: 56 → 56개

🆕🆕🆕🆕🆕🆕🆕🆕🆕🆕🆕🆕🆕🆕🆕🆕🆕🆕🆕🆕
🆕 신규 업체 54개 발견!
🆕🆕🆕🆕🆕🆕🆕🆕🆕🆕🆕🆕🆕🆕🆕🆕🆕🆕🆕🆕
  📍 산수정 (한식) ★? 리뷰2건
     창원 의창구 북면 천주로 240-10
     키워드: 음식이 맛있어요(1112), 양이 많아요(291), 재료가 신선해요(280)
     https://map.naver.com/p/entry/place/594346320

  📍 NATUREL45 (베이커리) ★? 리뷰4건
     창원 의창구 북면 내감1길 1
     키워드: 빵이 맛있어요(2810), 특별한 메뉴가 있어요(803), 친절해요(755)
     https://map.naver.com/p/entry/place/38454061

  📍 주문진메밀막국수 (한식) ★? 리뷰459건
     창원 의창구 북면 천주로 585 주문진메밀막국수
     키워드: 음식이 맛있어요(173), 매장이 넓어요(58), 주차하기 편해요(56)
     https://map.naver.com/p/entry/place/1061832393

  📍 플레이팅 (양식) ★? 리뷰3건
     창원 의창구 북면 감계로188번길 73-18 102호 플레이팅
     키워드: 음식이 맛있어요(2868), 재료가 신선해요(1543), 인테리어가 멋져요(1268)
     https://map.naver.com/p/entry/place/1988612532

  📍 더하다 북면점 (육류,고기요리) ★? 리뷰718건
     창원 의창구 북면 감계로110번길 54-29
     키워드: 음식이 맛있어요(294), 가성비가 좋아요(179), 친절해요(110)
     https://map.naver.com/p/entry/place/1372468138

  📍 대나무집 (육류,고기요리) ★? 리뷰505건
     창원 의창구 북면 달천길 59
     키워드: 음식이 맛있어요(297), 친절해요(123), 특별한 메뉴가 있어요(75)
     https://map.naver.com/p/entry/place/15164558

  📍 천돈 (한식) ★? 리뷰380건
     창원 의창구 북면 달천길 48
     키워드: 음식이 맛있어요(153), 재료가 신선해요(61), 주차하기 편해요(55)
     https://map.naver.com/p/entry/place/58181912

  📍 롯데리아 감계점 (햄버거) ★? 리뷰1건
     창원 의창구 북면 동전로45번길 23
     키워드: 음식이 맛있어요(631), 가성비가 좋아요(242), 혼밥하기 좋아요(193)
     https://map.naver.com/p/entry/place/37173221

  📍 전통순대촌 (순대,순댓국) ★? 리뷰1건
     창원 의창구 북면 천주로 869
     키워드: 음식이 맛있어요(646), 주차하기 편해요(156), 친절해요(132)
     https://map.naver.com/p/entry/place/15165619

  📍 소나무집 북면점 (한식) ★? 리뷰241건
     창원 의창구 북면 천주로 299
     키워드: 음식이 맛있어요(150), 재료가 신선해요(58), 특별한 메뉴가 있어요(50)
     https://map.naver.com/p/entry/place/1020128858

  📍 메가MGC커피 창원무동점 (카페) ★? 리뷰633건
     창원 의창구 북면 무동로226번길 18
     키워드: 커피가 맛있어요(333), 음료가 맛있어요(175), 가성비가 좋아요(171)
     https://map.naver.com/p/entry/place/1252980125

  📍 민가향 (육류,고기요리) ★? 리뷰212건
     창원 의창구 북면 동전로 257 1층
     키워드: 음식이 맛있어요(179), 친절해요(94), 가성비가 좋아요(89)
     https://map.naver.com/p/entry/place/1042050578

  📍 아뜰리에 베이커리 (카페) ★? 리뷰1건
     창원 의창구 북면 동전로 5 1층
     키워드: 디저트가 맛있어요(637), 커피가 맛있어요(314), 주차하기 편해요(172)
     https://map.naver.com/p/entry/place/1069440541

  📍 로르토 (양식) ★? 리뷰555건
     창원 의창구 북면 감계로110번길 59-6 1층 로르토
     키워드: 음식이 맛있어요(511), 재료가 신선해요(345), 친절해요(268)
     https://map.naver.com/p/entry/place/2013833760

  📍 대고구려돼지국밥 본점 (국밥) ★? 리뷰1건
     창원 의창구 북면 구룡로 561 B동 1층
     키워드: 음식이 맛있어요(737), 재료가 신선해요(237), 친절해요(215)
     https://map.naver.com/p/entry/place/1256602519

  📍 시심마 (카페,디저트) ★? 리뷰3건
     창원 의창구 북면 감계로280번길 22 시심마
     키워드: 커피가 맛있어요(2912), 디저트가 맛있어요(1636), 인테리어가 멋져요(1502)
     https://map.naver.com/p/entry/place/1924460386

  📍 옛날집 (한식) ★? 리뷰331건
     창원 의창구 북면 천주로1170번길 17-10
     키워드: 음식이 맛있어요(168), 주차하기 편해요(78), 친절해요(72)
     https://map.naver.com/p/entry/place/38316164

  📍 북면자연농원 (오리요리) ★? 리뷰537건
     창원 의창구 북면 천주로 201-12 북면자연농원 본점
     키워드: 음식이 맛있어요(229), 양이 많아요(62), 주차하기 편해요(61)
     https://map.naver.com/p/entry/place/20755348

  📍 삼동소바 창원북면점 (우동,소바) ★? 리뷰4건
     창원 의창구 북면 천주로577번길 13 1층
     키워드: 음식이 맛있어요(3769), 매장이 넓어요(2203), 인테리어가 멋져요(1724)
     https://map.naver.com/p/entry/place/1984816290

  📍 빈스콩 (카페) ★? 리뷰273건
     창원 의창구 북면 달천길 72
     키워드: 커피가 맛있어요(108), 친절해요(61), 대화하기 좋아요(41)
     https://map.naver.com/p/entry/place/37174832

  📍 남양토담오리 (오리요리) ★? 리뷰275건
     창원 의창구 북면 감계로110번길 5
     키워드: 음식이 맛있어요(180), 친절해요(81), 양이 많아요(62)
     https://map.naver.com/p/entry/place/1214872804

  📍 동해짬뽕 창원본점 (중식당) ★? 리뷰141건
     창원 의창구 북면 천주로 571 1층
     키워드: 음식이 맛있어요(107), 양이 많아요(48), 재료가 신선해요(47)
     https://map.naver.com/p/entry/place/1695044634

  📍 진가네촌국수 (국수) ★? 리뷰2건
     창원 의창구 북면 천주로 512 진가네촌국수
     키워드: 음식이 맛있어요(1044), 양이 많아요(406), 가성비가 좋아요(349)
     https://map.naver.com/p/entry/place/15164189

  📍 베리앙 (카페,디저트) ★? 리뷰3건
     창원 의창구 북면 천주로1184번길 84
     키워드: 커피가 맛있어요(1452), 인테리어가 멋져요(993), 디저트가 맛있어요(760)
     https://map.naver.com/p/entry/place/1367221713

  📍 북면마산설렁탕 (한식) ★? 리뷰1건
     창원 의창구 북면 천주로 868 1층
     키워드: 음식이 맛있어요(851), 양이 많아요(243), 재료가 신선해요(164)
     https://map.naver.com/p/entry/place/1038686782

  📍 맷돌순두부 (두부요리) ★? 리뷰442건
     창원 의창구 북면 천주로 617
     키워드: 음식이 맛있어요(226), 재료가 신선해요(86), 매장이 넓어요(69)
     https://map.naver.com/p/entry/place/1255226598

  📍 무쇠정 (육류,고기요리) ★? 리뷰133건
     창원 의창구 북면 감계로110번길 32
     키워드: 음식이 맛있어요(117), 친절해요(75), 고기 질이 좋아요(63)
     https://map.naver.com/p/entry/place/1067626289

  📍 감계 머구리 (조개요리) ★? 리뷰195건
     창원 의창구 북면 감계로110번길 59-10 1층 감계 머구리
     키워드: 음식이 맛있어요(84), 재료가 신선해요(71), 친절해요(27)
     https://map.naver.com/p/entry/place/1279022519

  📍 황금코다리 창원북면점 (해물,생선요리) ★? 리뷰1건
     창원 의창구 북면 달천길 48 1층 황금코다리 창원북면점
     키워드: 음식이 맛있어요(957), 양이 많아요(315), 주차하기 편해요(293)
     https://map.naver.com/p/entry/place/1613405597

  📍 대패생각 북면점 (돼지고기구이) ★? 리뷰670건
     창원 의창구 북면 천주로 520
     키워드: 음식이 맛있어요(379), 가성비가 좋아요(210), 친절해요(141)
     https://map.naver.com/p/entry/place/1996163701

  📍 파리바게뜨 마금산온천점 (베이커리) ★? 리뷰66건
     창원 의창구 북면 천주로 1167
     키워드: 빵이 맛있어요(50), 친절해요(24), 커피가 맛있어요(14)
     https://map.naver.com/p/entry/place/1778482507

  📍 춘천막국수닭보쌈 북면본점 (닭요리) ★? 리뷰1건
     창원 의창구 북면 천주로 605-1 1층
     키워드: 음식이 맛있어요(963), 특별한 메뉴가 있어요(308), 양이 많아요(275)
     https://map.naver.com/p/entry/place/21861026

  📍 복면닭갈비 (닭갈비) ★? 리뷰1건
     창원 의창구 북면 천주로 1069 복면닭갈비
     키워드: 음식이 맛있어요(713), 양이 많아요(515), 친절해요(319)
     https://map.naver.com/p/entry/place/1885774239

  📍 셰입오브워터 (카페,디저트) ★? 리뷰954건
     창원 의창구 북면 동전로 114 셰입오브워터
     키워드: 커피가 맛있어요(601), 인테리어가 멋져요(535), 디저트가 맛있어요(496)
     https://map.naver.com/p/entry/place/1135426275

  📍 향우본가 창원북면본점 (소고기구이) ★? 리뷰1건
     창원 의창구 북면 천주로 1115
     키워드: 음식이 맛있어요(808), 친절해요(237), 특별한 메뉴가 있어요(215)
     https://map.naver.com/p/entry/place/19886781

  📍 싱가 (아시아음식) ★? 리뷰282건
     창원 의창구 북면 동전산단서로52번길 11 1층 싱가
     키워드: 음식이 맛있어요(253), 인테리어가 멋져요(169), 재료가 신선해요(131)
     https://map.naver.com/p/entry/place/1834821101

  📍 산미 본점 (한식) ★? 리뷰1건
     창원 의창구 북면 천주로 1168
     키워드: 음식이 맛있어요(874), 재료가 신선해요(266), 특별한 메뉴가 있어요(259)
     https://map.naver.com/p/entry/place/19901564

  📍 바보형제쭈꾸미 북면점 (주꾸미요리) ★? 리뷰1건
     창원 의창구 북면 신촌본포로 19
     키워드: 음식이 맛있어요(616), 매장이 넓어요(255), 주차하기 편해요(214)
     https://map.naver.com/p/entry/place/20717971

  📍 홍콩반점0410 창원감계점 (중식당) ★? 리뷰158건
     창원 의창구 북면 감계로110번길 45 1층
     키워드: 음식이 맛있어요(101), 친절해요(44), 가성비가 좋아요(41)
     https://map.naver.com/p/entry/place/1924943872

  📍 풍각칼국수 (칼국수,만두) ★? 리뷰292건
     창원 의창구 북면 천주로 494 풍각칼국수 본점
     키워드: 음식이 맛있어요(94), 매장이 넓어요(44), 친절해요(38)
     https://map.naver.com/p/entry/place/1625010672

  📍 포아이니 북면점 (베트남음식) ★? 리뷰318건
     창원 의창구 북면 무동서로 76 근린생활시설 2동 지하1층 2-B102호
     키워드: 음식이 맛있어요(307), 친절해요(166), 재료가 신선해요(161)
     https://map.naver.com/p/entry/place/1193837729

  📍 솔트브레드랩 (베이커리) ★? 리뷰629건
     창원 의창구 북면 무동서로 56 113동 2층 204호
     키워드: 빵이 맛있어요(617), 인테리어가 멋져요(299), 친절해요(289)
     https://map.naver.com/p/entry/place/1544170445

  📍 가배목림 (카페) ★? 리뷰66건
     창원 의창구 북면 감계로187번길 9 포레힐스데시앙 근린생활시설 106/107호
     키워드: 커피가 맛있어요(61), 인테리어가 멋져요(35), 친절해요(34)
     https://map.naver.com/p/entry/place/2087159867

  📍 커피가 있는 아침 (카페,디저트) ★? 리뷰375건
     창원 의창구 북면 외산로145번길 80 1,2층
     키워드: 뷰가 좋아요(148), 커피가 맛있어요(131), 사진이 잘 나와요(89)
     https://map.naver.com/p/entry/place/1283158995

  📍 도야짬뽕 창원감계점 (중식당) ★? 리뷰783건
     창원 의창구 북면 감계로110번길 59-18 1층 2호
     키워드: 음식이 맛있어요(744), 재료가 신선해요(451), 친절해요(367)
     https://map.naver.com/p/entry/place/1205320485

  📍 오늘내일모레 (양식) ★? 리뷰501건
     창원 의창구 북면 감계로110번길 24-17 1층 오늘내일모레
     키워드: 음식이 맛있어요(351), 재료가 신선해요(168), 인테리어가 멋져요(164)
     https://map.naver.com/p/entry/place/416556590

  📍 가야밀면 창원북면점 (국수) ★? 리뷰338건
     창원 의창구 북면 천주로 736
     키워드: 음식이 맛있어요(212), 친절해요(56), 주차하기 편해요(40)
     https://map.naver.com/p/entry/place/1798449751

  📍 최가합천돼지국밥 (국밥) ★? 리뷰577건
     창원 의창구 북면 천주로 457 1층
     키워드: 음식이 맛있어요(509), 재료가 신선해요(260), 양이 많아요(222)
     https://map.naver.com/p/entry/place/1909403897

  📍 등촌샤브칼국수 창원북면점 (칼국수,만두) ★? 리뷰568건
     창원 의창구 북면 감계로110번길 54-15
     키워드: 음식이 맛있어요(530), 재료가 신선해요(390), 매장이 넓어요(292)
     https://map.naver.com/p/entry/place/2050071776

  📍 본가갈비살 창원무동점 (육류,고기요리) ★? 리뷰2건
     창원 의창구 북면 무동서로 76 STX칸1차 후문상가 102호
     https://map.naver.com/p/entry/place/2090914467

  📍 남문불백 (백반,가정식) ★? 리뷰20건
     창원 의창구 중동 읍성로34번길 17-10 (1층), 읍성로45번 길 17-12
     키워드: 음식이 맛있어요(20), 반찬이 잘 나와요(15), 재료가 신선해요(10)
     https://map.naver.com/p/entry/place/2082584164

  📍 락콩돈까스 (돈가스) ★? 리뷰3건
     창원 의창구 도계동 하남천서길21번길 8-14
     https://map.naver.com/p/entry/place/2021623492

  📍 바른케이터링 (한식) ★? 리뷰2건
     창원 의창구 팔용동 남산로17번길 33 1층
     https://map.naver.com/p/entry/place/2062835886

  📍 비엣남 소답점 (베트남음식) ★? 리뷰0건
     창원 의창구 소답동 의안로18번길 18 1층 라, 마호
     https://map.naver.com/p/entry/place/2052436040


💾 56개 DB 저장
📊 DB 총: 211개


==================================================
[2026. 4. 21. 오후 3:52:56] 크롤링 시작 (1개 키워드)
==================================================
기존 DB: 227개

  🔍 "창원시 북면 맛집" (리뷰분석)
     페이지 1: 58개 (누적 58개)
     페이지 2: 0개 (누적 58개)
     (새 결과 없음 — 종료)
     58개 업체 수집
     [1/58] 주문진메밀막국수 상세+리뷰 분석...
     [2/58] 더하다 북면점 상세+리뷰 분석...
     [3/58] 황금코다리 창원북면점 상세+리뷰 분석...
     [4/58] NATUREL45 상세+리뷰 분석...
     [5/58] 플레이팅 상세+리뷰 분석...
     [6/58] 소나무집 북면점 상세+리뷰 분석...
     [7/58] 메가MGC커피 창원무동점 상세+리뷰 분석...
     [8/58] 산수정 상세+리뷰 분석...
     [9/58] 전통순대촌 상세+리뷰 분석...
     [10/58] 롯데리아 감계점 상세+리뷰 분석...
     [11/58] 남양토담오리 상세+리뷰 분석...
     [12/58] 로르토 상세+리뷰 분석...
     [13/58] 황포냉면 창원북면점 상세+리뷰 분석...
     [14/58] 시심마 상세+리뷰 분석...
     [15/58] 천돈 상세+리뷰 분석...
     [16/58] 민가향 상세+리뷰 분석...
     [17/58] 삼동소바 창원북면점 상세+리뷰 분석...
     [18/58] 대나무집 상세+리뷰 분석...
     [19/58] 아뜰리에 베이커리 상세+리뷰 분석...
     [20/58] 슈바빙 상세+리뷰 분석...
     [21/58] 옛날집 상세+리뷰 분석...
     [22/58] 북면자연농원 상세+리뷰 분석...
     [23/58] BBQ창원북면점 상세+리뷰 분석...
     [24/58] 베리앙 상세+리뷰 분석...
     [25/58] 동해짬뽕 창원본점 상세+리뷰 분석...
     [26/58] 맷돌순두부 상세+리뷰 분석...
     [27/58] 빈스콩 상세+리뷰 분석...
     [28/58] 진가네촌국수 상세+리뷰 분석...
     [29/58] 파리바게뜨 마금산온천점 상세+리뷰 분석...
     [30/58] 카페 와니와니 상세+리뷰 분석...
     [31/58] 대고구려돼지국밥 본점 상세+리뷰 분석...
     [32/58] 춘천막국수닭보쌈 북면본점 상세+리뷰 분석...
     [33/58] 북면마산설렁탕 상세+리뷰 분석...
     [34/58] 대패생각 북면점 상세+리뷰 분석...
     [35/58] 무쇠정 상세+리뷰 분석...
     [36/58] 탕화쿵푸마라탕 감계점 상세+리뷰 분석...
     [37/58] 수암골 쪽갈비마을 창원북면점 상세+리뷰 분석...
     [38/58] 감계 머구리 상세+리뷰 분석...
     [39/58] 복면닭갈비 상세+리뷰 분석...
     [40/58] 가야밀면 창원북면점 상세+리뷰 분석...
     [41/58] 명륜진사갈비 창원무동점 상세+리뷰 분석...
     [42/58] 바보형제쭈꾸미 북면점 상세+리뷰 분석...
     [43/58] 향우본가 창원북면본점 상세+리뷰 분석...
     [44/58] 가배목림 상세+리뷰 분석...
     [45/58] 등촌샤브칼국수 창원북면점 상세+리뷰 분석...
     [46/58] 솔트브레드랩 상세+리뷰 분석...
     [47/58] 청년다방 창원감계점 상세+리뷰 분석...
     [48/58] 고기에서고기까지북면점 상세+리뷰 분석...
     [49/58] 소박이 상세+리뷰 분석...
     [50/58] 홍콩반점0410 창원감계점 상세+리뷰 분석...
     [51/58] 본가갈비살 창원무동점 상세+리뷰 분석...
     [52/58] 짜장박서방 상세+리뷰 분석...
     [53/58] 표길순삼대갈비 소답점 상세+리뷰 분석...
     [54/58] 남문불백 상세+리뷰 분석...
     [55/58] 락콩돈까스 상세+리뷰 분석...
     [56/58] 바른케이터링 상세+리뷰 분석...
     [57/58] 비엣남 소답점 상세+리뷰 분석...
     [58/58] 서군술상 상세+리뷰 분석...
     📷 이미지 처리 중...
     📷 51/58개 이미지 저장
     ✓ 완료 (누적 58개)

중복 제거: 58 → 58개

🆕🆕🆕🆕🆕🆕🆕🆕🆕🆕🆕🆕🆕🆕🆕🆕🆕🆕🆕🆕
🆕 신규 업체 11개 발견!
🆕🆕🆕🆕🆕🆕🆕🆕🆕🆕🆕🆕🆕🆕🆕🆕🆕🆕🆕🆕
  📍 황포냉면 창원북면점 (냉면) ★? 리뷰22건
     창원 의창구 북면 천주로1170번길 10 1층 황포냉면
     키워드: 음식이 맛있어요(19), 양이 많아요(12), 매장이 넓어요(11)
     https://map.naver.com/p/entry/place/1164329338

  📍 슈바빙 (오므라이스) ★? 리뷰62건
     창원 의창구 북면 무동로267번길 10 근린생활시설동 102 호
     키워드: 음식이 맛있어요(57), 양이 많아요(41), 재료가 신선해요(39)
     https://map.naver.com/p/entry/place/1335408952

  📍 BBQ창원북면점 (치킨,닭강정) ★? 리뷰389건
     창원 의창구 북면 천주로577번길 25
     https://map.naver.com/p/entry/place/36296290

  📍 카페 와니와니 (베이커리) ★? 리뷰142건
     창원 의창구 북면 무동로 180-18 2동1층
     https://map.naver.com/p/entry/place/1458552250

  📍 탕화쿵푸마라탕 감계점 (마라탕) ★? 리뷰307건
     창원 의창구 북면 감계로110번길 54-39 2층 204호
     키워드: 음식이 맛있어요(285), 재료가 신선해요(152), 친절해요(127)
     https://map.naver.com/p/entry/place/1249610917

  📍 명륜진사갈비 창원무동점 (육류,고기요리) ★? 리뷰224건
     창원 의창구 북면 무동로226번길 6-25 2층
     키워드: 음식이 맛있어요(189), 고기 질이 좋아요(132), 친절해요(113)
     https://map.naver.com/p/entry/place/1194381641

  📍 청년다방 창원감계점 (분식) ★? 리뷰345건
     창원 의창구 북면 감계로110번길 54-29 에코상가 105호
     키워드: 음식이 맛있어요(165), 친절해요(61), 가성비가 좋아요(35)
     https://map.naver.com/p/entry/place/1814811533

  📍 고기에서고기까지북면점 (육류,고기요리) ★? 리뷰38건
     창원 의창구 북면 감계로188번길 58 2층 고기에서고기까지 북면점
     키워드: 음식이 맛있어요(29), 고기 질이 좋아요(26), 친절해요(15)
     https://map.naver.com/p/entry/place/1338832164

  📍 소박이 (육류,고기요리) ★? 리뷰122건
     창원 의창구 북면 감계로188번길 53-36 1층
     키워드: 음식이 맛있어요(102), 고기 질이 좋아요(58), 가성비가 좋아요(58)
     https://map.naver.com/p/entry/place/1109193105

  📍 짜장박서방 (중식당) ★? 리뷰0건
     창원 의창구 북면 감계로188번길 53-14 1층
     https://map.naver.com/p/entry/place/2029880414

  📍 서군술상 (술집) ★? 리뷰1건
     창원 의창구 소답동 의창대로261번길 24 1층 1-6호
     https://map.naver.com/p/entry/place/2085946020


💾 58개 DB 저장
📊 DB 총: 238개

