
==================================================
[2026. 4. 17. 오후 11:45:55] 크롤링 시작 (1개 키워드)
==================================================
기존 DB: 211개

  🔍 "마산 불낙명가" (리뷰분석)
     페이지 1: 1개 (누적 1개)
     ✗ 에러: elementHandle.click: Timeout 30000ms exceeded.
Call log:
[2m  - attempting click action[22m
[2m    2 × waiting for element to be visible, enabled and stable[22m
[2m      - element is not enabled[22m
[2m    - retrying click action[22m
[2m    - waiting 20ms[22m
[2m    2 × waiting for element to be visible, enabled and stable[22m
[2m      - element is not enabled[22m
[2m    - retrying click action[22m
[2m      - waiting 100ms[22m
[2m    57 × waiting for element to be visible, enabled and stable[22m
[2m       - element is not enabled[22m
[2m     - retrying click action[22m
[2m       - waiting 500ms[22m


중복 제거: 0 → 0개

✅ 신규 업체 없음 (변동 없음)
📊 DB 총: 211개

