
==================================================
[2026. 4. 17. 오후 8:22:13] 크롤링 시작 (1개 키워드)
==================================================
기존 DB: 157개

  🔍 "창원시 봉곡동 맛집" (리뷰분석)
     페이지 1: 59개 (누적 59개)
     페이지 2: 0개 (누적 59개)
     (새 결과 없음 — 종료)
     59개 업체 수집
     [1/59] 오빠네 봉곡점 리뷰 분석...
     [2/59] 멍게집 봉곡동본점 리뷰 분석...
     [3/59] 연막창 창원봉곡점 리뷰 분석...
     [4/59] 정통집 창원봉곡점 리뷰 분석...
     [5/59] 이가네명인갈비살 봉곡본점 리뷰 분석...
     [6/59] 압구정화로구이 창원봉곡점 리뷰 분석...
     [7/59] 화주가 봉곡본점 리뷰 분석...
     [8/59] 한인연 리뷰 분석...
     [9/59] 맛내음왕소금구이 창원봉곡점 리뷰 분석...
     [10/59] 우람한족발 리뷰 분석...
     [11/59] 원시조쪽갈비 리뷰 분석...
     [12/59] 저금통 리뷰 분석...
     [13/59] 고산장 창원봉곡점 리뷰 분석...
     [14/59] 이이이커피 리뷰 분석...
     [15/59] 가덕도 리뷰 분석...
     [16/59] 좋은오후 봉곡점 리뷰 분석...
     [17/59] 팔도오돌뼈 리뷰 분석...
     [18/59] 미진축산 창원봉곡점 리뷰 분석...
     [19/59] 본가촌국수 리뷰 분석...
     [20/59] 청기와감자탕 창원봉곡점 리뷰 분석...
     [21/59] 노타 봉곡본점 리뷰 분석...
     [22/59] 설화 리뷰 분석...
     [23/59] 종점심야식당 리뷰 분석...
     [24/59] 아구별미집 리뷰 분석...
     [25/59] 제주옥탑 창원봉곡점 리뷰 분석...
     [26/59] 동대문엽기떡볶이 창원명곡점 리뷰 분석...
     [27/59] 풍천숯불민물장어 리뷰 분석...
     [28/59] 도해 리뷰 분석...
     [29/59] 일동실비 리뷰 분석...
     [30/59] 창원커피래빗홀 리뷰 분석...
     [31/59] 이디야커피 창원봉곡동점 리뷰 분석...
     [32/59] 파리바게뜨 창원봉림점 리뷰 분석...
     [33/59] 봉곡점 대박밀면 본점 리뷰 분석...
     [34/59] 초특급 봉곡점 리뷰 분석...
     [35/59] 어판장 리뷰 분석...
     [36/59] 제주까망돈 리뷰 분석...
     [37/59] 뒷집 리뷰 분석...
     [38/59] 천일식육식당 봉곡점 한우,한돈 리뷰 분석...
     [39/59] 남다른감자탕 명곡광장점 리뷰 분석...
     [40/59] 영천명화한우 창원본점 리뷰 분석...
     [41/59] 카페 케렌시아 리뷰 분석...
     [42/59] 고기 쫌 아는언니 리뷰 분석...
     [43/59] 오얏리 봉곡점 리뷰 분석...
     [44/59] 배스킨라빈스 창원봉곡 리뷰 분석...
     [45/59] 동해숯불장어구이 리뷰 분석...
     [46/59] 뒷돈상회 봉곡점 리뷰 분석...
     [47/59] 텐퍼센트커피 창원봉곡점 리뷰 분석...
     [48/59] 다빈갈비 봉곡동점 리뷰 분석...
     [49/59] 해궁통술 리뷰 분석...
     [50/59] 통영회센터 리뷰 분석...
     [51/59] 뜯갈비 창원점 리뷰 분석...
     [52/59] 초계갈비 리뷰 분석...
     [53/59] 돌판상회 리뷰 분석...
     [54/59] 와니밥심포차 리뷰 분석...
     [55/59] 닭치고꼬꼬무 리뷰 분석...
     [56/59] 삼거리식당 창원가로수길본점 리뷰 분석...
     [57/59] 꼬떼드보네르 CDB 리뷰 분석...
     [58/59] 오브셀라 리뷰 분석...
     [59/59] 이모가있는집 리뷰 분석...
     📷 이미지 처리 중...
     📷 57/59개 이미지 저장
     ✓ 완료 (누적 59개)

중복 제거: 59 → 59개

✅ 신규 업체 없음 (변동 없음)

💾 59개 DB 저장
📊 DB 총: 157개

