
==================================================
[2026. 4. 17. 오후 7:36:32] 크롤링 시작 (1개 키워드)
==================================================
기존 DB: 103개

  🔍 "창원시 봉곡동 맛집" 
     페이지 1: 59개 (누적 59개)
     페이지 2: 0개 (누적 59개)
     (새 결과 없음 — 종료)
     59개 업체 수집
     📷 이미지 처리 중...
     📷 57/59개 이미지 저장
     ✓ 완료 (누적 59개)

중복 제거: 59 → 59개

🆕🆕🆕🆕🆕🆕🆕🆕🆕🆕🆕🆕🆕🆕🆕🆕🆕🆕🆕🆕
🆕 신규 업체 54개 발견!
🆕🆕🆕🆕🆕🆕🆕🆕🆕🆕🆕🆕🆕🆕🆕🆕🆕🆕🆕🆕
  📍 오빠네 봉곡점 (육류,고기요리) ★? 리뷰880건
     창원 의창구 봉곡동 원이대로261번길 15 오빠네
     https://map.naver.com/p/entry/place/1011604310

  📍 멍게집 봉곡동본점 (요리주점) ★? 리뷰1건
     창원 의창구 봉곡동 원이대로261번길 16-16 102호
     https://map.naver.com/p/entry/place/1866956160

  📍 연막창 창원봉곡점 (곱창,막창,양) ★? 리뷰728건
     창원 의창구 봉곡동 원이대로285번길 13
     https://map.naver.com/p/entry/place/2024604491

  📍 정통집 창원봉곡점 (돼지고기구이) ★? 리뷰283건
     창원 의창구 봉곡동 원이대로279번길 10 정통집
     https://map.naver.com/p/entry/place/1227812542

  📍 이가네명인갈비살 봉곡본점 (한식) ★? 리뷰508건
     창원 의창구 봉곡동 원이대로261번길 5 1층 이가네명인갈비살
     https://map.naver.com/p/entry/place/1672534165

  📍 압구정화로구이 창원봉곡점 (육류,고기요리) ★? 리뷰374건
     창원 의창구 봉곡동 원이대로261번길 13 1층 압구정화로구이 창원봉곡점
     https://map.naver.com/p/entry/place/1327943998

  📍 화주가 봉곡본점 (요리주점) ★? 리뷰265건
     창원 의창구 봉곡동 원이대로261번길 16-9 1층 102호
     https://map.naver.com/p/entry/place/2039157850

  📍 한인연 (양꼬치) ★? 리뷰293건
     창원 의창구 봉곡동 원이대로261번길 8 1층 한인연
     https://map.naver.com/p/entry/place/1548079075

  📍 맛내음왕소금구이 창원봉곡점 (돼지고기구이) ★? 리뷰486건
     창원 의창구 봉곡동 지귀로12번길 18 이득상가
     https://map.naver.com/p/entry/place/34419294

  📍 우람한족발 (한식) ★? 리뷰110건
     창원 의창구 봉곡동 원이대로279번길 15 1층 101호
     https://map.naver.com/p/entry/place/1916181373

  📍 원시조쪽갈비 (한식) ★? 리뷰213건
     창원 의창구 봉곡동 원이대로279번길 17
     https://map.naver.com/p/entry/place/1816836838

  📍 저금통 (육류,고기요리) ★? 리뷰467건
     창원 의창구 봉곡동 원이대로279번길 10 1층 저금통 봉곡본점
     https://map.naver.com/p/entry/place/1171826237

  📍 고산장 창원봉곡점 (육류,고기요리) ★? 리뷰864건
     창원 의창구 봉곡동 지귀로12번길 11 1층 101호
     https://map.naver.com/p/entry/place/1606621499

  📍 이이이커피 (카페,디저트) ★? 리뷰254건
     창원 의창구 봉곡동 지귀로 128 지하1층
     https://map.naver.com/p/entry/place/1181481751

  📍 가덕도 (한식) ★? 리뷰137건
     창원 의창구 봉곡동 지귀로12번길 14 1층
     https://map.naver.com/p/entry/place/19806568

  📍 좋은오후 봉곡점 (생선회) ★? 리뷰196건
     창원 의창구 봉곡동 원이대로261번길 6-11 1층 101호
     https://map.naver.com/p/entry/place/2073897257

  📍 팔도오돌뼈 (한식) ★? 리뷰199건
     창원 의창구 봉곡동 원이대로261번길 16-25
     https://map.naver.com/p/entry/place/15808169

  📍 미진축산 창원봉곡점 (육류,고기요리) ★? 리뷰322건
     창원 의창구 봉곡동 원이대로261번길 6-11 1층
     https://map.naver.com/p/entry/place/1076234245

  📍 본가촌국수 (국수) ★? 리뷰2건
     창원 의창구 봉곡동 원이대로279번길 10
     https://map.naver.com/p/entry/place/15110377

  📍 청기와감자탕 창원봉곡점 (감자탕) ★? 리뷰652건
     창원 의창구 봉곡동 원이대로261번길 6-30 우경프라자 2층
     https://map.naver.com/p/entry/place/1365895770

  📍 노타 봉곡본점 (이자카야) ★? 리뷰851건
     창원 의창구 봉곡동 원이대로261번길 15 1층
     https://map.naver.com/p/entry/place/1304974672

  📍 설화 (소고기구이) ★? 리뷰257건
     창원 의창구 봉곡동 원이대로285번길 5 1층 설화
     https://map.naver.com/p/entry/place/2008869864

  📍 종점심야식당 (요리주점) ★? 리뷰480건
     창원 의창구 봉곡동 지귀로 10 1층 101호
     https://map.naver.com/p/entry/place/1725446173

  📍 아구별미집 (아귀찜,해물찜) ★? 리뷰178건
     창원 의창구 봉곡동 원이대로261번길 16-15 1층 아구별미집
     https://map.naver.com/p/entry/place/36188825

  📍 제주옥탑 창원봉곡점 (돼지고기구이) ★? 리뷰261건
     창원 의창구 봉곡동 원이대로279번길 18 1층
     https://map.naver.com/p/entry/place/1955005493

  📍 동대문엽기떡볶이 창원명곡점 (분식) ★? 리뷰530건
     창원 의창구 봉곡동 지귀로12번길 30 2층
     https://map.naver.com/p/entry/place/1021550663

  📍 풍천숯불민물장어 (장어,먹장어요리) ★? 리뷰217건
     창원 의창구 봉곡동 원이대로279번길 14
     https://map.naver.com/p/entry/place/36639830

  📍 도해 (이자카야) ★? 리뷰102건
     창원 의창구 봉곡동 원이대로261번길 16-15 101호
     https://map.naver.com/p/entry/place/1334050970

  📍 일동실비 (요리주점) ★? 리뷰190건
     창원 의창구 봉곡동 원이대로261번길 16-16 1층 101호
     https://map.naver.com/p/entry/place/1942914312

  📍 창원커피래빗홀 (카페,디저트) ★? 리뷰285건
     창원 의창구 봉곡동 대봉로 8 1층안쪽
     https://map.naver.com/p/entry/place/1672457865

  📍 이디야커피 창원봉곡동점 (카페) ★? 리뷰297건
     창원 의창구 봉곡동 원이대로 259
     https://map.naver.com/p/entry/place/35678276

  📍 파리바게뜨 창원봉림점 (베이커리) ★? 리뷰1건
     창원 의창구 봉곡동 봉곡로123번길 6 (봉곡동) 1층
     https://map.naver.com/p/entry/place/11797357

  📍 봉곡점 대박밀면 본점 (한식) ★? 리뷰726건
     창원 의창구 봉곡동 지귀로24번길 7-1 1층
     https://map.naver.com/p/entry/place/13484216

  📍 초특급 봉곡점 (한식) ★? 리뷰183건
     창원 의창구 봉곡동 원이대로261번길 5 1층 초특급 봉곡점
     https://map.naver.com/p/entry/place/2037901567

  📍 어판장 (해물,생선요리) ★? 리뷰467건
     창원 의창구 봉곡동 지귀로12번길 22 어판장
     https://map.naver.com/p/entry/place/1123343631

  📍 제주까망돈 (육류,고기요리) ★? 리뷰152건
     창원 의창구 봉곡동 지귀로12번길 25 1층
     https://map.naver.com/p/entry/place/1549638776

  📍 뒷집 (육류,고기요리) ★? 리뷰62건
     창원 의창구 봉곡동 원이대로261번길 6-12 진보빌딩) 101호,102호(봉곡동,
     https://map.naver.com/p/entry/place/1899910839

  📍 천일식육식당 봉곡점 한우,한돈 (육류,고기요리) ★? 리뷰295건
     창원 의창구 봉곡동 지귀로12번길 7 1층 천일식육식당
     https://map.naver.com/p/entry/place/1822732059

  📍 남다른감자탕 명곡광장점 (감자탕) ★? 리뷰984건
     창원 의창구 봉곡동 지귀로12번길 34 수정프라자
     https://map.naver.com/p/entry/place/15113469

  📍 영천명화한우 창원본점 (육류,고기요리) ★? 리뷰1건
     창원 의창구 봉곡동 원이대로261번길 16-20
     https://map.naver.com/p/entry/place/1170976249

  📍 카페 케렌시아 (빙수) ★? 리뷰220건
     창원 의창구 봉곡동 지귀로73번길 19 1층 카페케렌시아
     https://map.naver.com/p/entry/place/1650321677

  📍 고기 쫌 아는언니 (육류,고기요리) ★? 리뷰360건
     창원 의창구 봉곡동 원이대로285번길 19 2층 아는언니
     https://map.naver.com/p/entry/place/35600323

  📍 오얏리 봉곡점 (요리주점) ★? 리뷰303건
     창원 의창구 봉곡동 지귀로24번길 21-1 1층
     https://map.naver.com/p/entry/place/1069128633

  📍 배스킨라빈스 창원봉곡 (아이스크림) ★? 리뷰598건
     창원 의창구 봉곡동 봉곡로123번길 2 (봉곡동) 1층(봉곡동)
     https://map.naver.com/p/entry/place/1729517030

  📍 동해숯불장어구이 (장어,먹장어요리) ★? 리뷰170건
     창원 의창구 봉곡동 봉곡로119번길 6 2층
     https://map.naver.com/p/entry/place/1437911509

  📍 뒷돈상회 봉곡점 (육류,고기요리) ★? 리뷰112건
     창원 의창구 봉곡동 원이대로261번길 13 101호
     https://map.naver.com/p/entry/place/1830568305

  📍 텐퍼센트커피 창원봉곡점 (카페) ★? 리뷰38건
     창원 의창구 봉곡동 지귀로 6
     https://map.naver.com/p/entry/place/1973065939

  📍 다빈갈비 봉곡동점 (육류,고기요리) ★? 리뷰235건
     창원 의창구 봉곡동 원이대로261번길 6-26 비너스빌딩 1층 다빈갈비
     https://map.naver.com/p/entry/place/1195367251

  📍 해궁통술 (한식) ★? 리뷰25건
     창원 의창구 봉곡동 원이대로285번길 5 201호
     https://map.naver.com/p/entry/place/1655910760

  📍 통영회센터 (생선회) ★? 리뷰210건
     창원 의창구 봉곡동 봉곡로119번길 6
     https://map.naver.com/p/entry/place/15113589

  📍 초계갈비 (육류,고기요리) ★? 리뷰25건
     창원 의창구 봉곡동 원이대로261번길 16-20 1층
     https://map.naver.com/p/entry/place/2026795432

  📍 돌판상회 (한식) ★? 리뷰0건
     창원 의창구 봉곡동 봉곡로123번길 7 1층 6호
     https://map.naver.com/p/entry/place/2073917943

  📍 와니밥심포차 (한식) ★? 리뷰0건
     창원 의창구 봉곡동 원이대로261번길 3 1층 104호
     https://map.naver.com/p/entry/place/2010793554

  📍 닭치고꼬꼬무 (한식) ★? 리뷰0건
     창원 의창구 봉곡동 원이대로261번길 17
     https://map.naver.com/p/entry/place/1801062798


💾 59개 DB 저장
📊 DB 총: 157개

