
==================================================
[2026. 4. 21. 오후 6:00:22] 크롤링 시작 (1개 키워드)
==================================================
기존 DB: 245개

  🔍 "창원 팔용동 맛집" (리뷰분석)
     페이지 1: 57개 (누적 57개)
     페이지 2: 0개 (누적 57개)
     (새 결과 없음 — 종료)
     57개 업체 수집
     [1/57] 김할머니의령소바 팔용본점 상세+리뷰 분석...
     [2/57] 브레드하임 상세+리뷰 분석...
     [3/57] 할리스 창원팔용점 상세+리뷰 분석...
     [4/57] 스타벅스 창원역DT점 상세+리뷰 분석...
     [5/57] 임진각식당 상세+리뷰 분석...
     [6/57] 통영생멸치쌈밥 상세+리뷰 분석...
     [7/57] 서소문족발 팔용점 상세+리뷰 분석...
     [8/57] 소반 상세+리뷰 분석...
     [9/57] 웨딩의전당앤뷔페 상세+리뷰 분석...
     [10/57] 애슐리퀸즈 뉴코아 창원점 상세+리뷰 분석...
     [11/57] 대도장어 상세+리뷰 분석...
     [12/57] 남태령봉평메밀막국수 창원직영점 상세+리뷰 분석...
