[2026-04-23] 11분 후 크롤링 시작 (봇 감지 회피)

───────────────────────────────────────────────────────
네이버 폴더 크롤링
URL: https://map.naver.com/p/favorite/myPlace/folder/3ff79c32c6f748ac9ded424f1184aaf6
───────────────────────────────────────────────────────

✓ 쿠키 세션 복원
📋 북마크 API 페이지네이션 수집 시작
  start=0: 20개 수집 (누적 20개)
  start=20: 20개 수집 (누적 40개)
  start=40: 20개 수집 (누적 60개)
  start=60: 20개 수집 (누적 80개)
  start=80: 20개 수집 (누적 100개)
  start=100: 20개 수집 (누적 120개)
  start=120: 20개 수집 (누적 140개)
  start=140: 20개 수집 (누적 160개)
  start=160: 20개 수집 (누적 180개)
  start=180: 20개 수집 (누적 200개)
  start=200: 20개 수집 (누적 220개)
  start=220: 20개 수집 (누적 240개)
  start=240: 20개 수집 (누적 260개)
  start=260: 20개 수집 (누적 280개)
  start=280: 20개 수집 (누적 300개)
  start=300: 20개 수집 (누적 320개)
  start=320: 20개 수집 (누적 340개)
  start=340: 20개 수집 (누적 360개)
  start=360: 20개 수집 (누적 380개)
  start=380: 20개 수집 (누적 400개)
  start=400: 20개 수집 (누적 420개)
  start=420: 20개 수집 (누적 440개)
  start=440: 20개 수집 (누적 460개)
  start=460: 20개 수집 (누적 480개)
  start=480: 20개 수집 (누적 500개)
  start=500: 20개 수집 (누적 520개)
  start=520: 16개 수집 (누적 536개)
✅ 총 536개 수집 완료

📋 폴더 내 업체: 536개
✓ 이미 등록됨: 33개
✓ 신규 업체:   503개

[1/503] 오프트 포르니 (1906938349)
