[2026-04-17] 5분 후 크롤링 시작 (봇 감지 회피)

──────────────────────────────────────────────────
단일 업체 크롤링
쿼리: "즈노스시 창원용호점"
리뷰분석: ✓
──────────────────────────────────────────────────

🔍 네이버 플레이스 검색: "즈노스시 창원용호점"
   검색 결과: 1개
✓ 발견: 즈노스시 창원용호점
  카테고리: 초밥,롤
  주소: 창원 성산구 용호동 창이대로492번길 4 1층 즈노스시
  전화: 0507-1426-3830
  방문리뷰: 600건
  URL: https://map.naver.com/p/entry/place/1090517532

📋 상세 정보 수집 중...
  영업시간: 영업시간 | 영업 종료 | 11:30에 영업 시작 | 11시 30분에 영업 시작 | 펼쳐보기
  메뉴: 1개

리뷰 분석 중...
  키워드 5개, 메뉴 15개, 블로그리뷰 5개

📷 이미지 처리 중...
  ✓ 최적화 완료

💾 DB 저장 중...
  ✓ 저장 완료

✅ 완료: 즈노스시 창원용호점
