
==================================================
[2026. 4. 17. 오후 8:11:48] 폐업 검증 시작
==================================================
검증 대상: 157개
  [1/157] ✓ 오빠네 봉곡점
  [2/157] ✓ 멍게집 봉곡동본점
  [3/157] 🔴 연막창 창원봉곡점
  [4/157] 🔴 정통집 창원봉곡점
  [5/157] 🔴 이가네명인갈비살 봉곡본점
  [6/157] 🔴 압구정화로구이 창원봉곡점
  [7/157] ✓ 화주가 봉곡본점
  [8/157] ✓ 한인연
  [9/157] ✓ 맛내음왕소금구이 창원봉곡점
  [10/157] 🔴 우람한족발
  [11/157] ✓ 원시조쪽갈비
  [12/157] 🔴 저금통
  [13/157] ✓ 고산장 창원봉곡점
  [14/157] ✓ 이이이커피
  [15/157] ✓ 가덕도
  [16/157] ✓ 좋은오후 봉곡점
  [17/157] 🔴 팔도오돌뼈
  [18/157] ✓ 미진축산 창원봉곡점
  [19/157] ✓ 본가촌국수
  [20/157] 🔴 청기와감자탕 창원봉곡점
  [21/157] ✓ 노타 봉곡본점
  [22/157] ✓ 설화
  [23/157] 🔴 종점심야식당
  [24/157] ✓ 아구별미집
  [25/157] ✓ 제주옥탑 창원봉곡점
  [26/157] 🔴 동대문엽기떡볶이 창원명곡점
  [27/157] ✓ 풍천숯불민물장어
  [28/157] 🔴 도해
  [29/157] ✓ 일동실비
  [30/157] 🔴 창원커피래빗홀
